2022-09-23 14:34:57.488 -06:00 [INF] Configurando variables de entorno
2022-09-23 14:34:57.570 -06:00 [INF] Variables cargadas
2022-09-23 14:34:57.573 -06:00 [INF] Configurando Quartz
2022-09-23 14:34:57.744 -06:00 [INF] Initialized Scheduler Signaller of type: Quartz.Core.SchedulerSignalerImpl
2022-09-23 14:34:57.748 -06:00 [INF] Quartz Scheduler created
2022-09-23 14:34:57.752 -06:00 [INF] RAMJobStore initialized.
2022-09-23 14:34:57.758 -06:00 [INF] Scheduler meta-data: Quartz Scheduler (v3.4.0.0) 'MainScheduler' with instanceId 'NON_CLUSTERED'
  Scheduler class: 'Quartz.Core.QuartzScheduler' - running locally.
  NOT STARTED.
  Currently in standby mode.
  Number of jobs executed: 0
  Using thread pool 'Quartz.Simpl.DefaultThreadPool' - with 1 threads.
  Using job-store 'Quartz.Simpl.RAMJobStore' - which does not support persistence. and is not clustered.

2022-09-23 14:34:57.763 -06:00 [INF] Quartz scheduler 'MainScheduler' initialized
2022-09-23 14:34:57.765 -06:00 [INF] Quartz scheduler version: 3.4.0.0
2022-09-23 14:34:57.769 -06:00 [INF] Quartz configurado correctamente
2022-09-23 14:34:57.772 -06:00 [INF] Configurando mutex
2022-09-23 14:34:57.774 -06:00 [INF] Mutex configurado correctamente
2022-09-23 14:34:57.805 -06:00 [INF] Scheduler MainScheduler_$_NON_CLUSTERED started.
2022-09-23 14:34:57.886 -06:00 [INF] Iniciando tarea del Webhook
2022-09-23 14:34:57.889 -06:00 [INF] Obteniendo los datos de la base de datos
2022-09-23 14:34:57.892 -06:00 [FTL] Error Obteniendo los datos del webhook
2022-09-23 14:34:57.903 -06:00 [FTL] Object reference not set to an instance of an object.
2022-09-23 14:34:57.908 -06:00 [INF] Tarea finalizada exito
2022-09-23 14:36:58.023 -06:00 [INF] Configurando variables de entorno
2022-09-23 14:36:58.102 -06:00 [INF] Variables cargadas
2022-09-23 14:36:58.106 -06:00 [INF] Configurando Quartz
2022-09-23 14:36:58.273 -06:00 [INF] Initialized Scheduler Signaller of type: Quartz.Core.SchedulerSignalerImpl
2022-09-23 14:36:58.276 -06:00 [INF] Quartz Scheduler created
2022-09-23 14:36:58.280 -06:00 [INF] RAMJobStore initialized.
2022-09-23 14:36:58.287 -06:00 [INF] Scheduler meta-data: Quartz Scheduler (v3.4.0.0) 'MainScheduler' with instanceId 'NON_CLUSTERED'
  Scheduler class: 'Quartz.Core.QuartzScheduler' - running locally.
  NOT STARTED.
  Currently in standby mode.
  Number of jobs executed: 0
  Using thread pool 'Quartz.Simpl.DefaultThreadPool' - with 1 threads.
  Using job-store 'Quartz.Simpl.RAMJobStore' - which does not support persistence. and is not clustered.

2022-09-23 14:36:58.292 -06:00 [INF] Quartz scheduler 'MainScheduler' initialized
2022-09-23 14:36:58.294 -06:00 [INF] Quartz scheduler version: 3.4.0.0
2022-09-23 14:36:58.297 -06:00 [INF] Quartz configurado correctamente
2022-09-23 14:36:58.299 -06:00 [INF] Configurando mutex
2022-09-23 14:36:58.303 -06:00 [INF] Mutex configurado correctamente
2022-09-23 14:36:58.329 -06:00 [INF] Scheduler MainScheduler_$_NON_CLUSTERED started.
2022-09-23 14:36:58.425 -06:00 [INF] Iniciando tarea del Webhook
2022-09-23 14:36:58.428 -06:00 [INF] Obteniendo los datos de la base de datos
2022-09-23 14:36:58.431 -06:00 [FTL] Error Obteniendo los datos del webhook
2022-09-23 14:36:58.442 -06:00 [FTL] Object reference not set to an instance of an object.
2022-09-23 14:36:58.448 -06:00 [INF] Tarea finalizada exito
2022-09-23 14:38:39.623 -06:00 [INF] Configurando variables de entorno
2022-09-23 14:38:39.700 -06:00 [INF] Variables cargadas
2022-09-23 14:38:39.703 -06:00 [INF] Configurando Quartz
2022-09-23 14:38:39.868 -06:00 [INF] Initialized Scheduler Signaller of type: Quartz.Core.SchedulerSignalerImpl
2022-09-23 14:38:39.873 -06:00 [INF] Quartz Scheduler created
2022-09-23 14:38:39.876 -06:00 [INF] RAMJobStore initialized.
2022-09-23 14:38:39.880 -06:00 [INF] Scheduler meta-data: Quartz Scheduler (v3.4.0.0) 'MainScheduler' with instanceId 'NON_CLUSTERED'
  Scheduler class: 'Quartz.Core.QuartzScheduler' - running locally.
  NOT STARTED.
  Currently in standby mode.
  Number of jobs executed: 0
  Using thread pool 'Quartz.Simpl.DefaultThreadPool' - with 1 threads.
  Using job-store 'Quartz.Simpl.RAMJobStore' - which does not support persistence. and is not clustered.

2022-09-23 14:38:39.885 -06:00 [INF] Quartz scheduler 'MainScheduler' initialized
2022-09-23 14:38:39.888 -06:00 [INF] Quartz scheduler version: 3.4.0.0
2022-09-23 14:38:39.891 -06:00 [INF] Quartz configurado correctamente
2022-09-23 14:38:39.893 -06:00 [INF] Configurando mutex
2022-09-23 14:38:39.895 -06:00 [INF] Mutex configurado correctamente
2022-09-23 14:38:39.925 -06:00 [INF] Scheduler MainScheduler_$_NON_CLUSTERED started.
2022-09-23 14:38:40.190 -06:00 [INF] Iniciando tarea del Webhook
2022-09-23 14:38:40.193 -06:00 [INF] Obteniendo los datos de la base de datos
2022-09-23 14:38:40.196 -06:00 [FTL] Error Obteniendo los datos del webhook
2022-09-23 14:38:40.210 -06:00 [FTL] Object reference not set to an instance of an object.
2022-09-23 14:38:40.216 -06:00 [INF] Tarea finalizada exito
2022-09-23 15:18:52.227 -06:00 [INF] Configurando variables de entorno
2022-09-23 15:18:52.301 -06:00 [INF] Variables cargadas
2022-09-23 15:18:52.305 -06:00 [INF] Configurando Quartz
2022-09-23 15:18:52.464 -06:00 [INF] Initialized Scheduler Signaller of type: Quartz.Core.SchedulerSignalerImpl
2022-09-23 15:18:52.468 -06:00 [INF] Quartz Scheduler created
2022-09-23 15:18:52.471 -06:00 [INF] RAMJobStore initialized.
2022-09-23 15:18:52.476 -06:00 [INF] Scheduler meta-data: Quartz Scheduler (v3.4.0.0) 'MainScheduler' with instanceId 'NON_CLUSTERED'
  Scheduler class: 'Quartz.Core.QuartzScheduler' - running locally.
  NOT STARTED.
  Currently in standby mode.
  Number of jobs executed: 0
  Using thread pool 'Quartz.Simpl.DefaultThreadPool' - with 1 threads.
  Using job-store 'Quartz.Simpl.RAMJobStore' - which does not support persistence. and is not clustered.

2022-09-23 15:18:52.480 -06:00 [INF] Quartz scheduler 'MainScheduler' initialized
2022-09-23 15:18:52.483 -06:00 [INF] Quartz scheduler version: 3.4.0.0
2022-09-23 15:18:52.486 -06:00 [INF] Quartz configurado correctamente
2022-09-23 15:18:52.488 -06:00 [INF] Configurando mutex
2022-09-23 15:18:52.491 -06:00 [INF] Mutex configurado correctamente
2022-09-23 15:18:52.516 -06:00 [INF] Scheduler MainScheduler_$_NON_CLUSTERED started.
2022-09-23 15:18:52.564 -06:00 [INF] Iniciando tarea del Webhook
2022-09-23 15:18:52.568 -06:00 [INF] Obteniendo los datos de la base de datos
2022-09-23 15:18:52.572 -06:00 [FTL] Error Obteniendo los datos del webhook
2022-09-23 15:18:52.585 -06:00 [FTL] Object reference not set to an instance of an object.
2022-09-23 15:18:52.591 -06:00 [INF] Tarea finalizada exito
